mode: set
github.com/noironetworks/aci-containers/pkg/index/pod_selector_index.go:51.48,54.16 2 1
github.com/noironetworks/aci-containers/pkg/index/pod_selector_index.go:54.16,56.3 1 0
github.com/noironetworks/aci-containers/pkg/index/pod_selector_index.go:58.2,63.3 1 1
github.com/noironetworks/aci-containers/pkg/index/pod_selector_index.go:120.55,133.2 1 1
github.com/noironetworks/aci-containers/pkg/index/pod_selector_index.go:137.71,139.2 1 1
github.com/noironetworks/aci-containers/pkg/index/pod_selector_index.go:143.71,145.2 1 1
github.com/noironetworks/aci-containers/pkg/index/pod_selector_index.go:149.84,151.2 1 0
github.com/noironetworks/aci-containers/pkg/index/pod_selector_index.go:155.68,157.2 1 0
github.com/noironetworks/aci-containers/pkg/index/pod_selector_index.go:160.71,162.41 2 1
github.com/noironetworks/aci-containers/pkg/index/pod_selector_index.go:162.41,163.37 1 1
github.com/noironetworks/aci-containers/pkg/index/pod_selector_index.go:163.37,165.4 1 1
github.com/noironetworks/aci-containers/pkg/index/pod_selector_index.go:167.2,169.12 2 1
github.com/noironetworks/aci-containers/pkg/index/pod_selector_index.go:173.71,175.44 2 1
github.com/noironetworks/aci-containers/pkg/index/pod_selector_index.go:175.44,177.3 1 1
github.com/noironetworks/aci-containers/pkg/index/pod_selector_index.go:178.2,180.12 2 1
github.com/noironetworks/aci-containers/pkg/index/pod_selector_index.go:185.51,186.54 1 1
github.com/noironetworks/aci-containers/pkg/index/pod_selector_index.go:186.54,188.17 2 1
github.com/noironetworks/aci-containers/pkg/index/pod_selector_index.go:188.17,191.4 2 0
github.com/noironetworks/aci-containers/pkg/index/pod_selector_index.go:192.3,192.22 1 1
github.com/noironetworks/aci-containers/pkg/index/pod_selector_index.go:198.66,200.26 2 1
github.com/noironetworks/aci-containers/pkg/index/pod_selector_index.go:200.26,202.20 2 0
github.com/noironetworks/aci-containers/pkg/index/pod_selector_index.go:202.20,205.4 2 0
github.com/noironetworks/aci-containers/pkg/index/pod_selector_index.go:208.2,209.16 2 1
github.com/noironetworks/aci-containers/pkg/index/pod_selector_index.go:209.16,212.3 2 0
github.com/noironetworks/aci-containers/pkg/index/pod_selector_index.go:214.2,220.38 5 1
github.com/noironetworks/aci-containers/pkg/index/pod_selector_index.go:220.38,221.55 1 1
github.com/noironetworks/aci-containers/pkg/index/pod_selector_index.go:221.55,222.42 1 1
github.com/noironetworks/aci-containers/pkg/index/pod_selector_index.go:222.42,223.63 1 1
github.com/noironetworks/aci-containers/pkg/index/pod_selector_index.go:223.63,225.13 2 1
github.com/noironetworks/aci-containers/pkg/index/pod_selector_index.go:225.13,228.7 2 1
github.com/noironetworks/aci-containers/pkg/index/pod_selector_index.go:229.6,229.35 1 1
github.com/noironetworks/aci-containers/pkg/index/pod_selector_index.go:229.35,233.7 3 1
github.com/noironetworks/aci-containers/pkg/index/pod_selector_index.go:235.6,235.28 1 1
github.com/noironetworks/aci-containers/pkg/index/pod_selector_index.go:242.2,243.9 2 1
github.com/noironetworks/aci-containers/pkg/index/pod_selector_index.go:243.9,246.3 2 1
github.com/noironetworks/aci-containers/pkg/index/pod_selector_index.go:248.2,248.36 1 1
github.com/noironetworks/aci-containers/pkg/index/pod_selector_index.go:248.36,249.38 1 1
github.com/noironetworks/aci-containers/pkg/index/pod_selector_index.go:249.38,250.45 1 1
github.com/noironetworks/aci-containers/pkg/index/pod_selector_index.go:250.45,252.23 2 1
github.com/noironetworks/aci-containers/pkg/index/pod_selector_index.go:252.23,254.6 1 1
github.com/noironetworks/aci-containers/pkg/index/pod_selector_index.go:257.4,258.30 2 1
github.com/noironetworks/aci-containers/pkg/index/pod_selector_index.go:264.2,264.30 1 1
github.com/noironetworks/aci-containers/pkg/index/pod_selector_index.go:264.30,265.29 1 0
github.com/noironetworks/aci-containers/pkg/index/pod_selector_index.go:265.29,267.4 1 0
github.com/noironetworks/aci-containers/pkg/index/pod_selector_index.go:269.2,275.30 5 1
github.com/noironetworks/aci-containers/pkg/index/pod_selector_index.go:275.30,277.3 1 0
github.com/noironetworks/aci-containers/pkg/index/pod_selector_index.go:279.2,279.19 1 1
github.com/noironetworks/aci-containers/pkg/index/pod_selector_index.go:283.51,287.16 3 1
github.com/noironetworks/aci-containers/pkg/index/pod_selector_index.go:287.16,290.3 2 0
github.com/noironetworks/aci-containers/pkg/index/pod_selector_index.go:291.2,292.41 2 1
github.com/noironetworks/aci-containers/pkg/index/pod_selector_index.go:292.41,293.37 1 1
github.com/noironetworks/aci-containers/pkg/index/pod_selector_index.go:293.37,294.45 1 1
github.com/noironetworks/aci-containers/pkg/index/pod_selector_index.go:294.45,296.23 2 1
github.com/noironetworks/aci-containers/pkg/index/pod_selector_index.go:296.23,298.6 1 1
github.com/noironetworks/aci-containers/pkg/index/pod_selector_index.go:299.5,299.31 1 1
github.com/noironetworks/aci-containers/pkg/index/pod_selector_index.go:302.3,302.29 1 1
github.com/noironetworks/aci-containers/pkg/index/pod_selector_index.go:304.2,306.30 2 1
github.com/noironetworks/aci-containers/pkg/index/pod_selector_index.go:306.30,308.3 1 0
github.com/noironetworks/aci-containers/pkg/index/pod_selector_index.go:310.2,310.27 1 1
github.com/noironetworks/aci-containers/pkg/index/pod_selector_index.go:314.62,320.42 4 1
github.com/noironetworks/aci-containers/pkg/index/pod_selector_index.go:320.42,322.17 2 1
github.com/noironetworks/aci-containers/pkg/index/pod_selector_index.go:322.17,324.12 2 0
github.com/noironetworks/aci-containers/pkg/index/pod_selector_index.go:327.3,328.59 2 1
github.com/noironetworks/aci-containers/pkg/index/pod_selector_index.go:328.59,330.30 2 1
github.com/noironetworks/aci-containers/pkg/index/pod_selector_index.go:330.30,332.5 1 1
github.com/noironetworks/aci-containers/pkg/index/pod_selector_index.go:333.4,333.18 1 1
github.com/noironetworks/aci-containers/pkg/index/pod_selector_index.go:333.18,335.5 1 1
github.com/noironetworks/aci-containers/pkg/index/pod_selector_index.go:339.2,342.27 3 1
github.com/noironetworks/aci-containers/pkg/index/pod_selector_index.go:346.62,348.2 1 1
github.com/noironetworks/aci-containers/pkg/index/pod_selector_index.go:350.91,352.49 2 1
github.com/noironetworks/aci-containers/pkg/index/pod_selector_index.go:352.49,353.32 1 1
github.com/noironetworks/aci-containers/pkg/index/pod_selector_index.go:353.32,356.4 1 1
github.com/noironetworks/aci-containers/pkg/index/pod_selector_index.go:358.3,358.33 1 1
github.com/noironetworks/aci-containers/pkg/index/pod_selector_index.go:358.33,360.29 1 1
github.com/noironetworks/aci-containers/pkg/index/pod_selector_index.go:360.29,363.6 2 1
github.com/noironetworks/aci-containers/pkg/index/pod_selector_index.go:366.2,366.12 1 1
github.com/noironetworks/aci-containers/pkg/index/pod_selector_index.go:371.55,373.16 2 1
github.com/noironetworks/aci-containers/pkg/index/pod_selector_index.go:373.16,376.3 2 0
github.com/noironetworks/aci-containers/pkg/index/pod_selector_index.go:378.2,383.40 5 1
github.com/noironetworks/aci-containers/pkg/index/pod_selector_index.go:383.40,384.38 1 1
github.com/noironetworks/aci-containers/pkg/index/pod_selector_index.go:384.38,387.30 1 1
github.com/noironetworks/aci-containers/pkg/index/pod_selector_index.go:387.30,390.20 3 1
github.com/noironetworks/aci-containers/pkg/index/pod_selector_index.go:390.20,393.7 2 0
github.com/noironetworks/aci-containers/pkg/index/pod_selector_index.go:395.6,396.13 2 1
github.com/noironetworks/aci-containers/pkg/index/pod_selector_index.go:396.13,401.7 2 1
github.com/noironetworks/aci-containers/pkg/index/pod_selector_index.go:403.6,404.44 2 1
github.com/noironetworks/aci-containers/pkg/index/pod_selector_index.go:404.44,407.7 2 1
github.com/noironetworks/aci-containers/pkg/index/pod_selector_index.go:413.2,413.44 1 1
github.com/noironetworks/aci-containers/pkg/index/pod_selector_index.go:413.44,414.36 1 1
github.com/noironetworks/aci-containers/pkg/index/pod_selector_index.go:414.36,415.45 1 1
github.com/noironetworks/aci-containers/pkg/index/pod_selector_index.go:415.45,417.32 2 1
github.com/noironetworks/aci-containers/pkg/index/pod_selector_index.go:417.32,419.6 1 1
github.com/noironetworks/aci-containers/pkg/index/pod_selector_index.go:421.4,421.30 1 1
github.com/noironetworks/aci-containers/pkg/index/pod_selector_index.go:424.2,424.56 1 1
github.com/noironetworks/aci-containers/pkg/index/pod_selector_index.go:424.56,427.3 2 1
github.com/noironetworks/aci-containers/pkg/index/pod_selector_index.go:429.2,429.32 1 1
github.com/noironetworks/aci-containers/pkg/index/pod_selector_index.go:435.63,436.62 1 1
github.com/noironetworks/aci-containers/pkg/index/pod_selector_index.go:436.62,438.17 2 1
github.com/noironetworks/aci-containers/pkg/index/pod_selector_index.go:438.17,441.4 2 0
github.com/noironetworks/aci-containers/pkg/index/pod_selector_index.go:442.3,442.22 1 1
github.com/noironetworks/aci-containers/pkg/index/pod_selector_index.go:449.78,456.2 6 1
github.com/noironetworks/aci-containers/pkg/index/pod_selector_index.go:459.63,463.16 3 1
github.com/noironetworks/aci-containers/pkg/index/pod_selector_index.go:463.16,466.3 2 0
github.com/noironetworks/aci-containers/pkg/index/pod_selector_index.go:468.2,469.44 2 1
github.com/noironetworks/aci-containers/pkg/index/pod_selector_index.go:469.44,470.44 1 1
github.com/noironetworks/aci-containers/pkg/index/pod_selector_index.go:470.44,472.31 2 1
github.com/noironetworks/aci-containers/pkg/index/pod_selector_index.go:472.31,474.5 1 1
github.com/noironetworks/aci-containers/pkg/index/pod_selector_index.go:475.4,475.26 1 1
github.com/noironetworks/aci-containers/pkg/index/pod_selector_index.go:478.2,482.23 4 1
github.com/noironetworks/aci-containers/pkg/index/pod_selector_index.go:485.52,486.24 1 1
github.com/noironetworks/aci-containers/pkg/index/pod_selector_index.go:486.24,488.3 1 1
github.com/noironetworks/aci-containers/pkg/index/pod_selector_index.go:489.2,489.27 1 1
github.com/noironetworks/aci-containers/pkg/index/pod_selector_index.go:489.27,491.3 1 1
github.com/noironetworks/aci-containers/pkg/index/pod_selector_index.go:494.52,495.24 1 1
github.com/noironetworks/aci-containers/pkg/index/pod_selector_index.go:495.24,497.3 1 1
github.com/noironetworks/aci-containers/pkg/index/pod_selector_index.go:498.2,498.27 1 1
github.com/noironetworks/aci-containers/pkg/index/pod_selector_index.go:498.27,500.3 1 1
